<?xml version="1.0" encoding="UTF-8"?>
<!-- Generated by org.testng.reporters.JUnitReportReporter -->
<testsuite hostname="Ashwani_Singh" name="FirstProject.FirstCode" tests="1" failures="0" timestamp="12 Oct 2019 13:47:35 GMT" time="0.031" errors="0">
  <testcase name="print" time="0.031" classname="FirstProject.FirstCode"/>
</testsuite> <!-- FirstProject.FirstCode -->
